The system is: Darwin - 21.6.0 - x86_64
Compiling the OBJC compiler identification source file "CMakeOBJCCompilerId.m" succeeded.
Compiler:  
Build flags: 
Id flags:  

The output was:
0
Command line invocation:
    /Applications/Xcode.app/Contents/Developer/usr/bin/xcodebuild

User defaults from command line:
    IDEPackageSupportUseBuiltinSCM = YES

Computing target dependency graph and provisioning inputs

Create build description
Build description signature: 2bb4bf8de9e498c09791574c0ccb71ec
Build description path: /Users/manvirkaur/Desktop/CG2023Student/build/libraries/sdl2/CMakeFiles/CheckOBJC/CMakeFiles/3.25.2/CompilerIdOBJC/./XCBuildData/2bb4bf8de9e498c09791574c0ccb71ec-desc.xcbuild

warning: Building targets in manual order is deprecated - check "Parallelize build for command-line builds" in the project editor, or set DISABLE_MANUAL_TARGET_ORDER_BUILD_WARNING in any of the targets in the current build to suppress this warning
CreateBuildDirectory /Users/manvirkaur/Desktop/CG2023Student/build/libraries/sdl2/CMakeFiles/CheckOBJC/CMakeFiles/3.25.2/CompilerIdOBJC
    cd /Users/manvirkaur/Desktop/CG2023Student/build/libraries/sdl2/CMakeFiles/CheckOBJC/CMakeFiles/3.25.2/CompilerIdOBJC/CompilerIdOBJC.xcodeproj
    builtin-create-build-directory /Users/manvirkaur/Desktop/CG2023Student/build/libraries/sdl2/CMakeFiles/CheckOBJC/CMakeFiles/3.25.2/CompilerIdOBJC

CreateBuildDirectory /Users/manvirkaur/Desktop/CG2023Student/build/libraries/sdl2/CMakeFiles/CheckOBJC/CMakeFiles/3.25.2/CompilerIdOBJC/EagerLinkingTBDs
    cd /Users/manvirkaur/Desktop/CG2023Student/build/libraries/sdl2/CMakeFiles/CheckOBJC/CMakeFiles/3.25.2/CompilerIdOBJC/CompilerIdOBJC.xcodeproj
    builtin-create-build-directory /Users/manvirkaur/Desktop/CG2023Student/build/libraries/sdl2/CMakeFiles/CheckOBJC/CMakeFiles/3.25.2/CompilerIdOBJC/EagerLinkingTBDs

warning: Traditional headermap style is no longer supported; please migrate to using separate headermaps and set 'ALWAYS_SEARCH_USER_PATHS' to NO. (in target 'CompilerIdOBJC' from project 'CompilerIdOBJC')
note: Run script build phase 'Run Script' will be run during every build because the option to run the script phase "Based on dependency analysis" is unchecked. (in target 'CompilerIdOBJC' from project 'CompilerIdOBJC')
WriteAuxiliaryFile /Users/manvirkaur/Desktop/CG2023Student/build/libraries/sdl2/CMakeFiles/CheckOBJC/CMakeFiles/3.25.2/CompilerIdOBJC/CompilerIdOBJC.build/Debug/CompilerIdOBJC.build/DerivedSources/Entitlements.plist (in target 'CompilerIdOBJC' from project 'CompilerIdOBJC')
    cd /Users/manvirkaur/Desktop/CG2023Student/build/libraries/sdl2/CMakeFiles/CheckOBJC/CMakeFiles/3.25.2/CompilerIdOBJC
    write-file /Users/manvirkaur/Desktop/CG2023Student/build/libraries/sdl2/CMakeFiles/CheckOBJC/CMakeFiles/3.25.2/CompilerIdOBJC/CompilerIdOBJC.build/Debug/CompilerIdOBJC.build/DerivedSources/Entitlements.plist

ProcessProductPackaging "" /Users/manvirkaur/Desktop/CG2023Student/build/libraries/sdl2/CMakeFiles/CheckOBJC/CMakeFiles/3.25.2/CompilerIdOBJC/CompilerIdOBJC.build/Debug/CompilerIdOBJC.build/CompilerIdOBJC.xcent (in target 'CompilerIdOBJC' from project 'CompilerIdOBJC')
    cd /Users/manvirkaur/Desktop/CG2023Student/build/libraries/sdl2/CMakeFiles/CheckOBJC/CMakeFiles/3.25.2/CompilerIdOBJC
    
    Entitlements:
    
    {
    "com.apple.application-identifier" = "";
    "com.apple.security.get-task-allow" = 1;
}
    
    builtin-productPackagingUtility -entitlements -format xml -o /Users/manvirkaur/Desktop/CG2023Student/build/libraries/sdl2/CMakeFiles/CheckOBJC/CMakeFiles/3.25.2/CompilerIdOBJC/CompilerIdOBJC.build/Debug/CompilerIdOBJC.build/CompilerIdOBJC.xcent

ProcessProductPackagingDER /Users/manvirkaur/Desktop/CG2023Student/build/libraries/sdl2/CMakeFiles/CheckOBJC/CMakeFiles/3.25.2/CompilerIdOBJC/CompilerIdOBJC.build/Debug/CompilerIdOBJC.build/CompilerIdOBJC.xcent /Users/manvirkaur/Desktop/CG2023Student/build/libraries/sdl2/CMakeFiles/CheckOBJC/CMakeFiles/3.25.2/CompilerIdOBJC/CompilerIdOBJC.build/Debug/CompilerIdOBJC.build/CompilerIdOBJC.xcent.der (in target 'CompilerIdOBJC' from project 'CompilerIdOBJC')
    cd /Users/manvirkaur/Desktop/CG2023Student/build/libraries/sdl2/CMakeFiles/CheckOBJC/CMakeFiles/3.25.2/CompilerIdOBJC
    /usr/bin/derq query -f xml -i /Users/manvirkaur/Desktop/CG2023Student/build/libraries/sdl2/CMakeFiles/CheckOBJC/CMakeFiles/3.25.2/CompilerIdOBJC/CompilerIdOBJC.build/Debug/CompilerIdOBJC.build/CompilerIdOBJC.xcent -o /Users/manvirkaur/Desktop/CG2023Student/build/libraries/sdl2/CMakeFiles/CheckOBJC/CMakeFiles/3.25.2/CompilerIdOBJC/CompilerIdOBJC.build/Debug/CompilerIdOBJC.build/CompilerIdOBJC.xcent.der --raw

WriteAuxiliaryFile /Users/manvirkaur/Desktop/CG2023Student/build/libraries/sdl2/CMakeFiles/CheckOBJC/CMakeFiles/3.25.2/CompilerIdOBJC/CompilerIdOBJC.build/Debug/CompilerIdOBJC.build/all-product-headers.yaml (in target 'CompilerIdOBJC' from project 'CompilerIdOBJC')
    cd /Users/manvirkaur/Desktop/CG2023Student/build/libraries/sdl2/CMakeFiles/CheckOBJC/CMakeFiles/3.25.2/CompilerIdOBJC
    write-file /Users/manvirkaur/Desktop/CG2023Student/build/libraries/sdl2/CMakeFiles/CheckOBJC/CMakeFiles/3.25.2/CompilerIdOBJC/CompilerIdOBJC.build/Debug/CompilerIdOBJC.build/all-product-headers.yaml

WriteAuxiliaryFile /Users/manvirkaur/Desktop/CG2023Student/build/libraries/sdl2/CMakeFiles/CheckOBJC/CMakeFiles/3.25.2/CompilerIdOBJC/CompilerIdOBJC.build/Debug/CompilerIdOBJC.build/CompilerIdOBJC.hmap (in target 'CompilerIdOBJC' from project 'CompilerIdOBJC')
    cd /Users/manvirkaur/Desktop/CG2023Student/build/libraries/sdl2/CMakeFiles/CheckOBJC/CMakeFiles/3.25.2/CompilerIdOBJC
    write-file /Users/manvirkaur/Desktop/CG2023Student/build/libraries/sdl2/CMakeFiles/CheckOBJC/CMakeFiles/3.25.2/CompilerIdOBJC/CompilerIdOBJC.build/Debug/CompilerIdOBJC.build/CompilerIdOBJC.hmap

WriteAuxiliaryFile /Users/manvirkaur/Desktop/CG2023Student/build/libraries/sdl2/CMakeFiles/CheckOBJC/CMakeFiles/3.25.2/CompilerIdOBJC/CompilerIdOBJC.build/Debug/CompilerIdOBJC.build/CompilerIdOBJC-project-headers.hmap (in target 'CompilerIdOBJC' from project 'CompilerIdOBJC')
    cd /Users/manvirkaur/Desktop/CG2023Student/build/libraries/sdl2/CMakeFiles/CheckOBJC/CMakeFiles/3.25.2/CompilerIdOBJC
    write-file /Users/manvirkaur/Desktop/CG2023Student/build/libraries/sdl2/CMakeFiles/CheckOBJC/CMakeFiles/3.25.2/CompilerIdOBJC/CompilerIdOBJC.build/Debug/CompilerIdOBJC.build/CompilerIdOBJC-project-headers.hmap

WriteAuxiliaryFile /Users/manvirkaur/Desktop/CG2023Student/build/libraries/sdl2/CMakeFiles/CheckOBJC/CMakeFiles/3.25.2/CompilerIdOBJC/CompilerIdOBJC.build/Debug/CompilerIdOBJC.build/CompilerIdOBJC-own-target-headers.hmap (in target 'CompilerIdOBJC' from project 'CompilerIdOBJC')
    cd /Users/manvirkaur/Desktop/CG2023Student/build/libraries/sdl2/CMakeFiles/CheckOBJC/CMakeFiles/3.25.2/CompilerIdOBJC
    write-file /Users/manvirkaur/Desktop/CG2023Student/build/libraries/sdl2/CMakeFiles/CheckOBJC/CMakeFiles/3.25.2/CompilerIdOBJC/CompilerIdOBJC.build/Debug/CompilerIdOBJC.build/CompilerIdOBJC-own-target-headers.hmap

WriteAuxiliaryFile /Users/manvirkaur/Desktop/CG2023Student/build/libraries/sdl2/CMakeFiles/CheckOBJC/CMakeFiles/3.25.2/CompilerIdOBJC/CompilerIdOBJC.build/Debug/CompilerIdOBJC.build/CompilerIdOBJC-generated-files.hmap (in target 'CompilerIdOBJC' from project 'CompilerIdOBJC')
    cd /Users/manvirkaur/Desktop/CG2023Student/build/libraries/sdl2/CMakeFiles/CheckOBJC/CMakeFiles/3.25.2/CompilerIdOBJC
    write-file /Users/manvirkaur/Desktop/CG2023Student/build/libraries/sdl2/CMakeFiles/CheckOBJC/CMakeFiles/3.25.2/CompilerIdOBJC/CompilerIdOBJC.build/Debug/CompilerIdOBJC.build/CompilerIdOBJC-generated-files.hmap

WriteAuxiliaryFile /Users/manvirkaur/Desktop/CG2023Student/build/libraries/sdl2/CMakeFiles/CheckOBJC/CMakeFiles/3.25.2/CompilerIdOBJC/CompilerIdOBJC.build/Debug/CompilerIdOBJC.build/CompilerIdOBJC-all-target-headers.hmap (in target 'CompilerIdOBJC' from project 'CompilerIdOBJC')
    cd /Users/manvirkaur/Desktop/CG2023Student/build/libraries/sdl2/CMakeFiles/CheckOBJC/CMakeFiles/3.25.2/CompilerIdOBJC
    write-file /Users/manvirkaur/Desktop/CG2023Student/build/libraries/sdl2/CMakeFiles/CheckOBJC/CMakeFiles/3.25.2/CompilerIdOBJC/CompilerIdOBJC.build/Debug/CompilerIdOBJC.build/CompilerIdOBJC-all-target-headers.hmap

WriteAuxiliaryFile /Users/manvirkaur/Desktop/CG2023Student/build/libraries/sdl2/CMakeFiles/CheckOBJC/CMakeFiles/3.25.2/CompilerIdOBJC/CompilerIdOBJC.build/Debug/CompilerIdOBJC.build/CompilerIdOBJC-all-non-framework-target-headers.hmap (in target 'CompilerIdOBJC' from project 'CompilerIdOBJC')
    cd /Users/manvirkaur/Desktop/CG2023Student/build/libraries/sdl2/CMakeFiles/CheckOBJC/CMakeFiles/3.25.2/CompilerIdOBJC
    write-file /Users/manvirkaur/Desktop/CG2023Student/build/libraries/sdl2/CMakeFiles/CheckOBJC/CMakeFiles/3.25.2/CompilerIdOBJC/CompilerIdOBJC.build/Debug/CompilerIdOBJC.build/CompilerIdOBJC-all-non-framework-target-headers.hmap

CompileC /Users/manvirkaur/Desktop/CG2023Student/build/libraries/sdl2/CMakeFiles/CheckOBJC/CMakeFiles/3.25.2/CompilerIdOBJC/CompilerIdOBJC.build/Debug/CompilerIdOBJC.build/Objects-normal/x86_64/CMakeOBJCCompilerId.o /Users/manvirkaur/Desktop/CG2023Student/build/libraries/sdl2/CMakeFiles/CheckOBJC/CMakeFiles/3.25.2/CompilerIdOBJC/CMakeOBJCCompilerId.m normal x86_64 objective-c com.apple.compilers.llvm.clang.1_0.compiler (in target 'CompilerIdOBJC' from project 'CompilerIdOBJC')
    cd /Users/manvirkaur/Desktop/CG2023Student/build/libraries/sdl2/CMakeFiles/CheckOBJC/CMakeFiles/3.25.2/CompilerIdOBJC
    /Applications/Xcode.app/Contents/Developer/Toolchains/XcodeDefault.xctoolchain/usr/bin/clang -x objective-c -target x86_64-apple-macos12.6 -fmessage-length\=0 -fdiagnostics-show-note-include-stack -fmacro-backtrace-limit\=0 -Wno-trigraphs -fpascal-strings -Os -Wno-missing-field-initializers -Wno-missing-prototypes -Wno-return-type -Wno-implicit-atomic-properties -Wno-objc-interface-ivars -Wno-arc-repeated-use-of-weak -Wno-missing-braces -Wparentheses -Wswitch -Wno-unused-function -Wno-unused-label -Wno-unused-parameter -Wno-unused-variable -Wunused-value -Wno-empty-body -Wno-uninitialized -Wno-unknown-pragmas -Wno-shadow -Wno-four-char-constants -Wno-conversion -Wno-constant-conversion -Wno-int-conversion -Wno-bool-conversion -Wno-enum-conversion -Wno-float-conversion -Wno-non-literal-null-conversion -Wno-objc-literal-conversion -Wshorten-64-to-32 -Wpointer-sign -Wno-newline-eof -Wno-selector -Wno-strict-selector-match -Wno-undeclared-selector -Wno-deprecated-implementations -Wno-implicit-fallthrough -DOBJC_OLD_DISPATCH_PROTOTYPES\=1 -isysroot /Applications/Xcode.app/Contents/Developer/Platforms/MacOSX.platform/Developer/SDKs/MacOSX13.1.sdk -fasm-blocks -fstrict-aliasing -Wprotocol -Wdeprecated-declarations -g -fvisibility\=hidden -Wno-sign-conversion -Wno-infinite-recursion -Wno-comma -Wno-block-capture-autoreleasing -Wno-strict-prototypes -Wno-semicolon-before-method-body -iquote /Users/manvirkaur/Desktop/CG2023Student/build/libraries/sdl2/CMakeFiles/CheckOBJC/CMakeFiles/3.25.2/CompilerIdOBJC/CompilerIdOBJC.build/Debug/CompilerIdOBJC.build/CompilerIdOBJC-generated-files.hmap -I/Users/manvirkaur/Desktop/CG2023Student/build/libraries/sdl2/CMakeFiles/CheckOBJC/CMakeFiles/3.25.2/CompilerIdOBJC/CompilerIdOBJC.build/Debug/CompilerIdOBJC.build/CompilerIdOBJC-own-target-headers.hmap -I/Users/manvirkaur/Desktop/CG2023Student/build/libraries/sdl2/CMakeFiles/CheckOBJC/CMakeFiles/3.25.2/CompilerIdOBJC/CompilerIdOBJC.build/Debug/CompilerIdOBJC.build/CompilerIdOBJC-all-target-headers.hmap -iquote /Users/manvirkaur/Desktop/CG2023Student/build/libraries/sdl2/CMakeFiles/CheckOBJC/CMakeFiles/3.25.2/CompilerIdOBJC/CompilerIdOBJC.build/Debug/CompilerIdOBJC.build/CompilerIdOBJC-project-headers.hmap -I/Users/manvirkaur/Desktop/CG2023Student/build/libraries/sdl2/CMakeFiles/CheckOBJC/CMakeFiles/3.25.2/CompilerIdOBJC/include -I/Users/manvirkaur/Desktop/CG2023Student/build/libraries/sdl2/CMakeFiles/CheckOBJC/CMakeFiles/3.25.2/CompilerIdOBJC/CompilerIdOBJC.build/Debug/CompilerIdOBJC.build/DerivedSources-normal/x86_64 -I/Users/manvirkaur/Desktop/CG2023Student/build/libraries/sdl2/CMakeFiles/CheckOBJC/CMakeFiles/3.25.2/CompilerIdOBJC/CompilerIdOBJC.build/Debug/CompilerIdOBJC.build/DerivedSources/x86_64 -I/Users/manvirkaur/Desktop/CG2023Student/build/libraries/sdl2/CMakeFiles/CheckOBJC/CMakeFiles/3.25.2/CompilerIdOBJC/CompilerIdOBJC.build/Debug/CompilerIdOBJC.build/DerivedSources -F/Users/manvirkaur/Desktop/CG2023Student/build/libraries/sdl2/CMakeFiles/CheckOBJC/CMakeFiles/3.25.2/CompilerIdOBJC -MMD -MT dependencies -MF /Users/manvirkaur/Desktop/CG2023Student/build/libraries/sdl2/CMakeFiles/CheckOBJC/CMakeFiles/3.25.2/CompilerIdOBJC/CompilerIdOBJC.build/Debug/CompilerIdOBJC.build/Objects-normal/x86_64/CMakeOBJCCompilerId.d --serialize-diagnostics /Users/manvirkaur/Desktop/CG2023Student/build/libraries/sdl2/CMakeFiles/CheckOBJC/CMakeFiles/3.25.2/CompilerIdOBJC/CompilerIdOBJC.build/Debug/CompilerIdOBJC.build/Objects-normal/x86_64/CMakeOBJCCompilerId.dia -c /Users/manvirkaur/Desktop/CG2023Student/build/libraries/sdl2/CMakeFiles/CheckOBJC/CMakeFiles/3.25.2/CompilerIdOBJC/CMakeOBJCCompilerId.m -o /Users/manvirkaur/Desktop/CG2023Student/build/libraries/sdl2/CMakeFiles/CheckOBJC/CMakeFiles/3.25.2/CompilerIdOBJC/CompilerIdOBJC.build/Debug/CompilerIdOBJC.build/Objects-normal/x86_64/CMakeOBJCCompilerId.o

WriteAuxiliaryFile /Users/manvirkaur/Desktop/CG2023Student/build/libraries/sdl2/CMakeFiles/CheckOBJC/CMakeFiles/3.25.2/CompilerIdOBJC/CompilerIdOBJC.build/Debug/CompilerIdOBJC.build/Objects-normal/x86_64/CompilerIdOBJC.LinkFileList (in target 'CompilerIdOBJC' from project 'CompilerIdOBJC')
    cd /Users/manvirkaur/Desktop/CG2023Student/build/libraries/sdl2/CMakeFiles/CheckOBJC/CMakeFiles/3.25.2/CompilerIdOBJC
    write-file /Users/manvirkaur/Desktop/CG2023Student/build/libraries/sdl2/CMakeFiles/CheckOBJC/CMakeFiles/3.25.2/CompilerIdOBJC/CompilerIdOBJC.build/Debug/CompilerIdOBJC.build/Objects-normal/x86_64/CompilerIdOBJC.LinkFileList

Ld /Users/manvirkaur/Desktop/CG2023Student/build/libraries/sdl2/CMakeFiles/CheckOBJC/CMakeFiles/3.25.2/CompilerIdOBJC/CompilerIdOBJC normal (in target 'CompilerIdOBJC' from project 'CompilerIdOBJC')
    cd /Users/manvirkaur/Desktop/CG2023Student/build/libraries/sdl2/CMakeFiles/CheckOBJC/CMakeFiles/3.25.2/CompilerIdOBJC
    /Applications/Xcode.app/Contents/Developer/Toolchains/XcodeDefault.xctoolchain/usr/bin/clang -target x86_64-apple-macos12.6 -isysroot /Applications/Xcode.app/Contents/Developer/Platforms/MacOSX.platform/Developer/SDKs/MacOSX13.1.sdk -L/Users/manvirkaur/Desktop/CG2023Student/build/libraries/sdl2/CMakeFiles/CheckOBJC/CMakeFiles/3.25.2/CompilerIdOBJC/EagerLinkingTBDs -L/Users/manvirkaur/Desktop/CG2023Student/build/libraries/sdl2/CMakeFiles/CheckOBJC/CMakeFiles/3.25.2/CompilerIdOBJC -F/Users/manvirkaur/Desktop/CG2023Student/build/libraries/sdl2/CMakeFiles/CheckOBJC/CMakeFiles/3.25.2/CompilerIdOBJC/EagerLinkingTBDs -F/Users/manvirkaur/Desktop/CG2023Student/build/libraries/sdl2/CMakeFiles/CheckOBJC/CMakeFiles/3.25.2/CompilerIdOBJC -filelist /Users/manvirkaur/Desktop/CG2023Student/build/libraries/sdl2/CMakeFiles/CheckOBJC/CMakeFiles/3.25.2/CompilerIdOBJC/CompilerIdOBJC.build/Debug/CompilerIdOBJC.build/Objects-normal/x86_64/CompilerIdOBJC.LinkFileList -Xlinker -object_path_lto -Xlinker /Users/manvirkaur/Desktop/CG2023Student/build/libraries/sdl2/CMakeFiles/CheckOBJC/CMakeFiles/3.25.2/CompilerIdOBJC/CompilerIdOBJC.build/Debug/CompilerIdOBJC.build/Objects-normal/x86_64/CompilerIdOBJC_lto.o -fobjc-link-runtime -Xlinker -no_adhoc_codesign -Xlinker -dependency_info -Xlinker /Users/manvirkaur/Desktop/CG2023Student/build/libraries/sdl2/CMakeFiles/CheckOBJC/CMakeFiles/3.25.2/CompilerIdOBJC/CompilerIdOBJC.build/Debug/CompilerIdOBJC.build/Objects-normal/x86_64/CompilerIdOBJC_dependency_info.dat -o /Users/manvirkaur/Desktop/CG2023Student/build/libraries/sdl2/CMakeFiles/CheckOBJC/CMakeFiles/3.25.2/CompilerIdOBJC/CompilerIdOBJC

WriteAuxiliaryFile /Users/manvirkaur/Desktop/CG2023Student/build/libraries/sdl2/CMakeFiles/CheckOBJC/CMakeFiles/3.25.2/CompilerIdOBJC/CompilerIdOBJC.build/Debug/CompilerIdOBJC.build/Script-2C8FEB8E15DC1A1A00E56A5D.sh (in target 'CompilerIdOBJC' from project 'CompilerIdOBJC')
    cd /Users/manvirkaur/Desktop/CG2023Student/build/libraries/sdl2/CMakeFiles/CheckOBJC/CMakeFiles/3.25.2/CompilerIdOBJC
    write-file /Users/manvirkaur/Desktop/CG2023Student/build/libraries/sdl2/CMakeFiles/CheckOBJC/CMakeFiles/3.25.2/CompilerIdOBJC/CompilerIdOBJC.build/Debug/CompilerIdOBJC.build/Script-2C8FEB8E15DC1A1A00E56A5D.sh

PhaseScriptExecution Run\ Script /Users/manvirkaur/Desktop/CG2023Student/build/libraries/sdl2/CMakeFiles/CheckOBJC/CMakeFiles/3.25.2/CompilerIdOBJC/CompilerIdOBJC.build/Debug/CompilerIdOBJC.build/Script-2C8FEB8E15DC1A1A00E56A5D.sh (in target 'CompilerIdOBJC' from project 'CompilerIdOBJC')
    cd /Users/manvirkaur/Desktop/CG2023Student/build/libraries/sdl2/CMakeFiles/CheckOBJC/CMakeFiles/3.25.2/CompilerIdOBJC
    /bin/sh -c /Users/manvirkaur/Desktop/CG2023Student/build/libraries/sdl2/CMakeFiles/CheckOBJC/CMakeFiles/3.25.2/CompilerIdOBJC/CompilerIdOBJC.build/Debug/CompilerIdOBJC.build/Script-2C8FEB8E15DC1A1A00E56A5D.sh
GCC_VERSION=com.apple.compilers.llvm.clang.1_0
ARCHS=x86_64

CodeSign /Users/manvirkaur/Desktop/CG2023Student/build/libraries/sdl2/CMakeFiles/CheckOBJC/CMakeFiles/3.25.2/CompilerIdOBJC/CompilerIdOBJC (in target 'CompilerIdOBJC' from project 'CompilerIdOBJC')
    cd /Users/manvirkaur/Desktop/CG2023Student/build/libraries/sdl2/CMakeFiles/CheckOBJC/CMakeFiles/3.25.2/CompilerIdOBJC
    
    Signing Identity:     "-"
    
    /usr/bin/codesign --force --sign - --entitlements /Users/manvirkaur/Desktop/CG2023Student/build/libraries/sdl2/CMakeFiles/CheckOBJC/CMakeFiles/3.25.2/CompilerIdOBJC/CompilerIdOBJC.build/Debug/CompilerIdOBJC.build/CompilerIdOBJC.xcent --timestamp\=none --generate-entitlement-der /Users/manvirkaur/Desktop/CG2023Student/build/libraries/sdl2/CMakeFiles/CheckOBJC/CMakeFiles/3.25.2/CompilerIdOBJC/CompilerIdOBJC

RegisterExecutionPolicyException /Users/manvirkaur/Desktop/CG2023Student/build/libraries/sdl2/CMakeFiles/CheckOBJC/CMakeFiles/3.25.2/CompilerIdOBJC/CompilerIdOBJC (in target 'CompilerIdOBJC' from project 'CompilerIdOBJC')
    cd /Users/manvirkaur/Desktop/CG2023Student/build/libraries/sdl2/CMakeFiles/CheckOBJC/CMakeFiles/3.25.2/CompilerIdOBJC
    builtin-RegisterExecutionPolicyException /Users/manvirkaur/Desktop/CG2023Student/build/libraries/sdl2/CMakeFiles/CheckOBJC/CMakeFiles/3.25.2/CompilerIdOBJC/CompilerIdOBJC

** BUILD SUCCEEDED **



Compilation of the OBJC compiler identification source "CMakeOBJCCompilerId.m" produced "CompilerIdOBJC"

The OBJC compiler identification is AppleClang, found in "/Users/manvirkaur/Desktop/CG2023Student/build/libraries/sdl2/CMakeFiles/CheckOBJC/CMakeFiles/3.25.2/CompilerIdOBJC/CompilerIdOBJC"

Detecting OBJC compiler ABI info compiled with the following output:
Change Dir: /Users/manvirkaur/Desktop/CG2023Student/build/libraries/sdl2/CMakeFiles/CheckOBJC/CMakeFiles/CMakeScratch/TryCompile-HQAxr6

Run Build Command(s):/usr/bin/xcodebuild -project CMAKE_TRY_COMPILE.xcodeproj build -target cmTC_64348 -parallelizeTargets -configuration Debug -hideShellScriptEnvironment && Command line invocation:
    /Applications/Xcode.app/Contents/Developer/usr/bin/xcodebuild -project CMAKE_TRY_COMPILE.xcodeproj build -target cmTC_64348 -parallelizeTargets -configuration Debug -hideShellScriptEnvironment

User defaults from command line:
    HideShellScriptEnvironment = YES
    IDEPackageSupportUseBuiltinSCM = YES

Computing target dependency graph and provisioning inputs

Create build description
Build description signature: e6406c59ea67e7d62b296883fb82ca4f
Build description path: /Users/manvirkaur/Desktop/CG2023Student/build/libraries/sdl2/CMakeFiles/CheckOBJC/CMakeFiles/CMakeScratch/TryCompile-HQAxr6/build/XCBuildData/e6406c59ea67e7d62b296883fb82ca4f-desc.xcbuild

note: Building targets in dependency order
CreateBuildDirectory /Users/manvirkaur/Desktop/CG2023Student/build/libraries/sdl2/CMakeFiles/CheckOBJC/CMakeFiles/CMakeScratch/TryCompile-HQAxr6/build
    cd /Users/manvirkaur/Desktop/CG2023Student/build/libraries/sdl2/CMakeFiles/CheckOBJC/CMakeFiles/CMakeScratch/TryCompile-HQAxr6/CMAKE_TRY_COMPILE.xcodeproj
    builtin-create-build-directory /Users/manvirkaur/Desktop/CG2023Student/build/libraries/sdl2/CMakeFiles/CheckOBJC/CMakeFiles/CMakeScratch/TryCompile-HQAxr6/build

CreateBuildDirectory /Users/manvirkaur/Desktop/CG2023Student/build/libraries/sdl2/CMakeFiles/CheckOBJC/CMakeFiles/CMakeScratch/TryCompile-HQAxr6/Debug
    cd /Users/manvirkaur/Desktop/CG2023Student/build/libraries/sdl2/CMakeFiles/CheckOBJC/CMakeFiles/CMakeScratch/TryCompile-HQAxr6/CMAKE_TRY_COMPILE.xcodeproj
    builtin-create-build-directory /Users/manvirkaur/Desktop/CG2023Student/build/libraries/sdl2/CMakeFiles/CheckOBJC/CMakeFiles/CMakeScratch/TryCompile-HQAxr6/Debug

CreateBuildDirectory /Users/manvirkaur/Desktop/CG2023Student/build/libraries/sdl2/CMakeFiles/CheckOBJC/CMakeFiles/CMakeScratch/TryCompile-HQAxr6/build/EagerLinkingTBDs
    cd /Users/manvirkaur/Desktop/CG2023Student/build/libraries/sdl2/CMakeFiles/CheckOBJC/CMakeFiles/CMakeScratch/TryCompile-HQAxr6/CMAKE_TRY_COMPILE.xcodeproj
    builtin-create-build-directory /Users/manvirkaur/Desktop/CG2023Student/build/libraries/sdl2/CMakeFiles/CheckOBJC/CMakeFiles/CMakeScratch/TryCompile-HQAxr6/build/EagerLinkingTBDs

WriteAuxiliaryFile /Users/manvirkaur/Desktop/CG2023Student/build/libraries/sdl2/CMakeFiles/CheckOBJC/CMakeFiles/CMakeScratch/TryCompile-HQAxr6/build/cmTC_64348.build/Debug/Objects-normal/x86_64/cmTC_64348.LinkFileList (in target 'cmTC_64348' from project 'CMAKE_TRY_COMPILE')
    cd /Users/manvirkaur/Desktop/CG2023Student/build/libraries/sdl2/CMakeFiles/CheckOBJC/CMakeFiles/CMakeScratch/TryCompile-HQAxr6
    write-file /Users/manvirkaur/Desktop/CG2023Student/build/libraries/sdl2/CMakeFiles/CheckOBJC/CMakeFiles/CMakeScratch/TryCompile-HQAxr6/build/cmTC_64348.build/Debug/Objects-normal/x86_64/cmTC_64348.LinkFileList

CompileC /Users/manvirkaur/Desktop/CG2023Student/build/libraries/sdl2/CMakeFiles/CheckOBJC/CMakeFiles/CMakeScratch/TryCompile-HQAxr6/build/cmTC_64348.build/Debug/Objects-normal/x86_64/CMakeOBJCCompilerABI.o /usr/local/Cellar/cmake/3.25.2/share/cmake/Modules/CMakeOBJCCompilerABI.m normal x86_64 objective-c com.apple.compilers.llvm.clang.1_0.compiler (in target 'cmTC_64348' from project 'CMAKE_TRY_COMPILE')
    cd /Users/manvirkaur/Desktop/CG2023Student/build/libraries/sdl2/CMakeFiles/CheckOBJC/CMakeFiles/CMakeScratch/TryCompile-HQAxr6
    /Applications/Xcode.app/Contents/Developer/Toolchains/XcodeDefault.xctoolchain/usr/bin/clang -x objective-c -target x86_64-apple-macos12.6 -fmessage-length\=0 -fdiagnostics-show-note-include-stack -fmacro-backtrace-limit\=0 -Wno-trigraphs -fpascal-strings -O0 -Wno-missing-field-initializers -Wno-missing-prototypes -Wno-return-type -Wno-implicit-atomic-properties -Wno-objc-interface-ivars -Wno-arc-repeated-use-of-weak -Wno-missing-braces -Wparentheses -Wswitch -Wno-unused-function -Wno-unused-label -Wno-unused-parameter -Wno-unused-variable -Wunused-value -Wno-empty-body -Wno-uninitialized -Wno-unknown-pragmas -Wno-shadow -Wno-four-char-constants -Wno-conversion -Wno-constant-conversion -Wno-int-conversion -Wno-bool-conversion -Wno-enum-conversion -Wno-float-conversion -Wno-non-literal-null-conversion -Wno-objc-literal-conversion -Wshorten-64-to-32 -Wpointer-sign -Wno-newline-eof -Wno-selector -Wno-strict-selector-match -Wno-undeclared-selector -Wno-deprecated-implementations -Wno-implicit-fallthrough -DCMAKE_INTDIR\=\"Debug\" -DOBJC_OLD_DISPATCH_PROTOTYPES\=1 -isysroot /Applications/Xcode.app/Contents/Developer/Platforms/MacOSX.platform/Developer/SDKs/MacOSX13.1.sdk -fasm-blocks -fstrict-aliasing -Wprotocol -Wdeprecated-declarations -g -Wno-sign-conversion -Wno-infinite-recursion -Wno-comma -Wno-block-capture-autoreleasing -Wno-strict-prototypes -Wno-semicolon-before-method-body -I/Users/manvirkaur/Desktop/CG2023Student/build/libraries/sdl2/CMakeFiles/CheckOBJC/CMakeFiles/CMakeScratch/TryCompile-HQAxr6/Debug/include -I/Users/manvirkaur/Desktop/CG2023Student/build/libraries/sdl2/CMakeFiles/CheckOBJC/CMakeFiles/CMakeScratch/TryCompile-HQAxr6/build/cmTC_64348.build/Debug/DerivedSources-normal/x86_64 -I/Users/manvirkaur/Desktop/CG2023Student/build/libraries/sdl2/CMakeFiles/CheckOBJC/CMakeFiles/CMakeScratch/TryCompile-HQAxr6/build/cmTC_64348.build/Debug/DerivedSources/x86_64 -I/Users/manvirkaur/Desktop/CG2023Student/build/libraries/sdl2/CMakeFiles/CheckOBJC/CMakeFiles/CMakeScratch/TryCompile-HQAxr6/build/cmTC_64348.build/Debug/DerivedSources -F/Users/manvirkaur/Desktop/CG2023Student/build/libraries/sdl2/CMakeFiles/CheckOBJC/CMakeFiles/CMakeScratch/TryCompile-HQAxr6/Debug -v -Wl,-v -MMD -MT dependencies -MF /Users/manvirkaur/Desktop/CG2023Student/build/libraries/sdl2/CMakeFiles/CheckOBJC/CMakeFiles/CMakeScratch/TryCompile-HQAxr6/build/cmTC_64348.build/Debug/Objects-normal/x86_64/CMakeOBJCCompilerABI.d --serialize-diagnostics /Users/manvirkaur/Desktop/CG2023Student/build/libraries/sdl2/CMakeFiles/CheckOBJC/CMakeFiles/CMakeScratch/TryCompile-HQAxr6/build/cmTC_64348.build/Debug/Objects-normal/x86_64/CMakeOBJCCompilerABI.dia -c /usr/local/Cellar/cmake/3.25.2/share/cmake/Modules/CMakeOBJCCompilerABI.m -o /Users/manvirkaur/Desktop/CG2023Student/build/libraries/sdl2/CMakeFiles/CheckOBJC/CMakeFiles/CMakeScratch/TryCompile-HQAxr6/build/cmTC_64348.build/Debug/Objects-normal/x86_64/CMakeOBJCCompilerABI.o
Apple clang version 14.0.0 (clang-1400.0.29.202)
Target: x86_64-apple-macos12.6
Thread model: posix
InstalledDir: /Applications/Xcode.app/Contents/Developer/Toolchains/XcodeDefault.xctoolchain/usr/bin
clang: warning: -Wl,-v: 'linker' input unused [-Wunused-command-line-argument]
 "/Applications/Xcode.app/Contents/Developer/Toolchains/XcodeDefault.xctoolchain/usr/bin/clang" -cc1 -triple x86_64-apple-macosx12.6.0 -Wundef-prefix=TARGET_OS_ -Wdeprecated-objc-isa-usage -Werror=deprecated-objc-isa-usage -Werror=implicit-function-declaration -emit-obj -mrelax-all --mrelax-relocations -disable-free -clear-ast-before-backend -disable-llvm-verifier -discard-value-names -main-file-name CMakeOBJCCompilerABI.m -mrelocation-model pic -pic-level 2 -mframe-pointer=all -fno-strict-return -fno-rounding-math -funwind-tables=2 -target-sdk-version=13.1 -fvisibility-inlines-hidden-static-local-var -target-cpu penryn -tune-cpu generic -debug-info-kind=standalone -dwarf-version=4 -debugger-tuning=lldb -target-linker-version 820.1 -v -resource-dir /Applications/Xcode.app/Contents/Developer/Toolchains/XcodeDefault.xctoolchain/usr/lib/clang/14.0.0 -dependency-file /Users/manvirkaur/Desktop/CG2023Student/build/libraries/sdl2/CMakeFiles/CheckOBJC/CMakeFiles/CMakeScratch/TryCompile-HQAxr6/build/cmTC_64348.build/Debug/Objects-normal/x86_64/CMakeOBJCCompilerABI.d -skip-unused-modulemap-deps -MT dependencies -isysroot /Applications/Xcode.app/Contents/Developer/Platforms/MacOSX.platform/Developer/SDKs/MacOSX13.1.sdk -D "CMAKE_INTDIR=\"Debug\"" -D OBJC_OLD_DISPATCH_PROTOTYPES=1 -I /Users/manvirkaur/Desktop/CG2023Student/build/libraries/sdl2/CMakeFiles/CheckOBJC/CMakeFiles/CMakeScratch/TryCompile-HQAxr6/Debug/include -I /Users/manvirkaur/Desktop/CG2023Student/build/libraries/sdl2/CMakeFiles/CheckOBJC/CMakeFiles/CMakeScratch/TryCompile-HQAxr6/build/cmTC_64348.build/Debug/DerivedSources-normal/x86_64 -I /Users/manvirkaur/Desktop/CG2023Student/build/libraries/sdl2/CMakeFiles/CheckOBJC/CMakeFiles/CMakeScratch/TryCompile-HQAxr6/build/cmTC_64348.build/Debug/DerivedSources/x86_64 -I /Users/manvirkaur/Desktop/CG2023Student/build/libraries/sdl2/CMakeFiles/CheckOBJC/CMakeFiles/CMakeScratch/TryCompile-HQAxr6/build/cmTC_64348.build/Debug/DerivedSources -F/Users/manvirkaur/Desktop/CG2023Student/build/libraries/sdl2/CMakeFiles/CheckOBJC/CMakeFiles/CMakeScratch/TryCompile-HQAxr6/Debug -internal-isystem /Applications/Xcode.app/Contents/Developer/Platforms/MacOSX.platform/Developer/SDKs/MacOSX13.1.sdk/usr/local/include -internal-isystem /Applications/Xcode.app/Contents/Developer/Toolchains/XcodeDefault.xctoolchain/usr/lib/clang/14.0.0/include -internal-externc-isystem /Applications/Xcode.app/Contents/Developer/Platforms/MacOSX.platform/Developer/SDKs/MacOSX13.1.sdk/usr/include -internal-externc-isystem /Applications/Xcode.app/Contents/Developer/Toolchains/XcodeDefault.xctoolchain/usr/include -O0 -Wno-trigraphs -Wno-missing-field-initializers -Wno-missing-prototypes -Wno-return-type -Wno-implicit-atomic-properties -Wno-objc-interface-ivars -Wno-arc-repeated-use-of-weak -Wno-missing-braces -Wparentheses -Wswitch -Wno-unused-function -Wno-unused-label -Wno-unused-parameter -Wno-unused-variable -Wunused-value -Wno-empty-body -Wno-uninitialized -Wno-unknown-pragmas -Wno-shadow -Wno-four-char-constants -Wno-conversion -Wno-constant-conversion -Wno-int-conversion -Wno-bool-conversion -Wno-enum-conversion -Wno-float-conversion -Wno-non-literal-null-conversion -Wno-objc-literal-conversion -Wshorten-64-to-32 -Wpointer-sign -Wno-newline-eof -Wno-selector -Wno-strict-selector-match -Wno-undeclared-selector -Wno-deprecated-implementations -Wno-implicit-fallthrough -Wprotocol -Wdeprecated-declarations -Wno-sign-conversion -Wno-infinite-recursion -Wno-comma -Wno-block-capture-autoreleasing -Wno-strict-prototypes -Wno-semicolon-before-method-body -Wno-reorder-init-list -Wno-implicit-int-float-conversion -Wno-c99-designator -Wno-final-dtor-non-final-class -Wno-extra-semi-stmt -Wno-misleading-indentation -Wno-quoted-include-in-framework-header -Wno-implicit-fallthrough -Wno-enum-enum-conversion -Wno-enum-float-conversion -Wno-elaborated-enum-base -Wno-reserved-identifier -Wno-gnu-folding-constant -Wno-cast-function-type -Wno-bitwise-instead-of-logical -fdebug-compilation-dir=/Users/manvirkaur/Desktop/CG2023Student/build/libraries/sdl2/CMakeFiles/CheckOBJC/CMakeFiles/CMakeScratch/TryCompile-HQAxr6 -ferror-limit 19 -fmacro-backtrace-limit 0 -stack-protector 1 -fstack-check -mdarwin-stkchk-strong-link -fblocks -fencode-extended-block-signature -fregister-global-dtors-with-atexit -fgnuc-version=4.2.1 -fobjc-runtime=macosx-12.6.0 -fobjc-exceptions -fexceptions -fpascal-strings -fmax-type-align=16 -fcommon -fdiagnostics-show-note-include-stack -fasm-blocks -serialize-diagnostic-file /Users/manvirkaur/Desktop/CG2023Student/build/libraries/sdl2/CMakeFiles/CheckOBJC/CMakeFiles/CMakeScratch/TryCompile-HQAxr6/build/cmTC_64348.build/Debug/Objects-normal/x86_64/CMakeOBJCCompilerABI.dia -clang-vendor-feature=+messageToSelfInClassMethodIdReturnType -clang-vendor-feature=+disableInferNewAvailabilityFromInit -clang-vendor-feature=+disableNonDependentMemberExprInCurrentInstantiation -fno-odr-hash-protocols -clang-vendor-feature=+enableAggressiveVLAFolding -clang-vendor-feature=+revert09abecef7bbf -clang-vendor-feature=+thisNoAlignAttr -clang-vendor-feature=+thisNoNullAttr -mllvm -disable-aligned-alloc-awareness=1 -D__GCC_HAVE_DWARF2_CFI_ASM=1 -o /Users/manvirkaur/Desktop/CG2023Student/build/libraries/sdl2/CMakeFiles/CheckOBJC/CMakeFiles/CMakeScratch/TryCompile-HQAxr6/build/cmTC_64348.build/Debug/Objects-normal/x86_64/CMakeOBJCCompilerABI.o -x objective-c /usr/local/Cellar/cmake/3.25.2/share/cmake/Modules/CMakeOBJCCompilerABI.m
clang -cc1 version 14.0.0 (clang-1400.0.29.202) default target x86_64-apple-darwin21.6.0
ignoring nonexistent directory "/Users/manvirkaur/Desktop/CG2023Student/build/libraries/sdl2/CMakeFiles/CheckOBJC/CMakeFiles/CMakeScratch/TryCompile-HQAxr6/Debug/include"
ignoring nonexistent directory "/Users/manvirkaur/Desktop/CG2023Student/build/libraries/sdl2/CMakeFiles/CheckOBJC/CMakeFiles/CMakeScratch/TryCompile-HQAxr6/build/cmTC_64348.build/Debug/DerivedSources-normal/x86_64"
ignoring nonexistent directory "/Users/manvirkaur/Desktop/CG2023Student/build/libraries/sdl2/CMakeFiles/CheckOBJC/CMakeFiles/CMakeScratch/TryCompile-HQAxr6/build/cmTC_64348.build/Debug/DerivedSources/x86_64"
ignoring nonexistent directory "/Users/manvirkaur/Desktop/CG2023Student/build/libraries/sdl2/CMakeFiles/CheckOBJC/CMakeFiles/CMakeScratch/TryCompile-HQAxr6/build/cmTC_64348.build/Debug/DerivedSources"
ignoring nonexistent directory "/Applications/Xcode.app/Contents/Developer/Platforms/MacOSX.platform/Developer/SDKs/MacOSX13.1.sdk/usr/local/include"
ignoring nonexistent directory "/Applications/Xcode.app/Contents/Developer/Platforms/MacOSX.platform/Developer/SDKs/MacOSX13.1.sdk/Library/Frameworks"
#include "..." search starts here:
#include <...> search starts here:
 /Users/manvirkaur/Desktop/CG2023Student/build/libraries/sdl2/CMakeFiles/CheckOBJC/CMakeFiles/CMakeScratch/TryCompile-HQAxr6/Debug (framework directory)
 /Applications/Xcode.app/Contents/Developer/Toolchains/XcodeDefault.xctoolchain/usr/lib/clang/14.0.0/include
 /Applications/Xcode.app/Contents/Developer/Platforms/MacOSX.platform/Developer/SDKs/MacOSX13.1.sdk/usr/include
 /Applications/Xcode.app/Contents/Developer/Toolchains/XcodeDefault.xctoolchain/usr/include
 /Applications/Xcode.app/Contents/Developer/Platforms/MacOSX.platform/Developer/SDKs/MacOSX13.1.sdk/System/Library/Frameworks (framework directory)
End of search list.

Ld /Users/manvirkaur/Desktop/CG2023Student/build/libraries/sdl2/CMakeFiles/CheckOBJC/CMakeFiles/CMakeScratch/TryCompile-HQAxr6/Debug/cmTC_64348 normal (in target 'cmTC_64348' from project 'CMAKE_TRY_COMPILE')
    cd /Users/manvirkaur/Desktop/CG2023Student/build/libraries/sdl2/CMakeFiles/CheckOBJC/CMakeFiles/CMakeScratch/TryCompile-HQAxr6
    /Applications/Xcode.app/Contents/Developer/Toolchains/XcodeDefault.xctoolchain/usr/bin/clang -target x86_64-apple-macos12.6 -isysroot /Applications/Xcode.app/Contents/Developer/Platforms/MacOSX.platform/Developer/SDKs/MacOSX13.1.sdk -L/Users/manvirkaur/Desktop/CG2023Student/build/libraries/sdl2/CMakeFiles/CheckOBJC/CMakeFiles/CMakeScratch/TryCompile-HQAxr6/build/EagerLinkingTBDs -L/Users/manvirkaur/Desktop/CG2023Student/build/libraries/sdl2/CMakeFiles/CheckOBJC/CMakeFiles/CMakeScratch/TryCompile-HQAxr6/Debug -F/Users/manvirkaur/Desktop/CG2023Student/build/libraries/sdl2/CMakeFiles/CheckOBJC/CMakeFiles/CMakeScratch/TryCompile-HQAxr6/build/EagerLinkingTBDs -F/Users/manvirkaur/Desktop/CG2023Student/build/libraries/sdl2/CMakeFiles/CheckOBJC/CMakeFiles/CMakeScratch/TryCompile-HQAxr6/Debug -filelist /Users/manvirkaur/Desktop/CG2023Student/build/libraries/sdl2/CMakeFiles/CheckOBJC/CMakeFiles/CMakeScratch/TryCompile-HQAxr6/build/cmTC_64348.build/Debug/Objects-normal/x86_64/cmTC_64348.LinkFileList -Xlinker -object_path_lto -Xlinker /Users/manvirkaur/Desktop/CG2023Student/build/libraries/sdl2/CMakeFiles/CheckOBJC/CMakeFiles/CMakeScratch/TryCompile-HQAxr6/build/cmTC_64348.build/Debug/Objects-normal/x86_64/cmTC_64348_lto.o -Xlinker -no_deduplicate -fobjc-link-runtime -v -Wl,-v -Wl,-search_paths_first -Wl,-headerpad_max_install_names -Xlinker -dependency_info -Xlinker /Users/manvirkaur/Desktop/CG2023Student/build/libraries/sdl2/CMakeFiles/CheckOBJC/CMakeFiles/CMakeScratch/TryCompile-HQAxr6/build/cmTC_64348.build/Debug/Objects-normal/x86_64/cmTC_64348_dependency_info.dat -o /Users/manvirkaur/Desktop/CG2023Student/build/libraries/sdl2/CMakeFiles/CheckOBJC/CMakeFiles/CMakeScratch/TryCompile-HQAxr6/Debug/cmTC_64348
Apple clang version 14.0.0 (clang-1400.0.29.202)
Target: x86_64-apple-macos12.6
Thread model: posix
InstalledDir: /Applications/Xcode.app/Contents/Developer/Toolchains/XcodeDefault.xctoolchain/usr/bin
 "/Applications/Xcode.app/Contents/Developer/Toolchains/XcodeDefault.xctoolchain/usr/bin/ld" -demangle -lto_library /Applications/Xcode.app/Contents/Developer/Toolchains/XcodeDefault.xctoolchain/usr/lib/libLTO.dylib -dynamic -arch x86_64 -platform_version macos 12.6.0 13.1 -syslibroot /Applications/Xcode.app/Contents/Developer/Platforms/MacOSX.platform/Developer/SDKs/MacOSX13.1.sdk -o /Users/manvirkaur/Desktop/CG2023Student/build/libraries/sdl2/CMakeFiles/CheckOBJC/CMakeFiles/CMakeScratch/TryCompile-HQAxr6/Debug/cmTC_64348 -L/Users/manvirkaur/Desktop/CG2023Student/build/libraries/sdl2/CMakeFiles/CheckOBJC/CMakeFiles/CMakeScratch/TryCompile-HQAxr6/build/EagerLinkingTBDs -L/Users/manvirkaur/Desktop/CG2023Student/build/libraries/sdl2/CMakeFiles/CheckOBJC/CMakeFiles/CMakeScratch/TryCompile-HQAxr6/Debug -filelist /Users/manvirkaur/Desktop/CG2023Student/build/libraries/sdl2/CMakeFiles/CheckOBJC/CMakeFiles/CMakeScratch/TryCompile-HQAxr6/build/cmTC_64348.build/Debug/Objects-normal/x86_64/cmTC_64348.LinkFileList -object_path_lto /Users/manvirkaur/Desktop/CG2023Student/build/libraries/sdl2/CMakeFiles/CheckOBJC/CMakeFiles/CMakeScratch/TryCompile-HQAxr6/build/cmTC_64348.build/Debug/Objects-normal/x86_64/cmTC_64348_lto.o -no_deduplicate -v -search_paths_first -headerpad_max_install_names -dependency_info /Users/manvirkaur/Desktop/CG2023Student/build/libraries/sdl2/CMakeFiles/CheckOBJC/CMakeFiles/CMakeScratch/TryCompile-HQAxr6/build/cmTC_64348.build/Debug/Objects-normal/x86_64/cmTC_64348_dependency_info.dat -framework Foundation -lobjc -lSystem /Applications/Xcode.app/Contents/Developer/Toolchains/XcodeDefault.xctoolchain/usr/lib/clang/14.0.0/lib/darwin/libclang_rt.osx.a -F/Users/manvirkaur/Desktop/CG2023Student/build/libraries/sdl2/CMakeFiles/CheckOBJC/CMakeFiles/CMakeScratch/TryCompile-HQAxr6/build/EagerLinkingTBDs -F/Users/manvirkaur/Desktop/CG2023Student/build/libraries/sdl2/CMakeFiles/CheckOBJC/CMakeFiles/CMakeScratch/TryCompile-HQAxr6/Debug
@(#)PROGRAM:ld  PROJECT:ld64-820.1
BUILD 20:07:01 Nov  7 2022
configured to support archs: armv6 armv7 armv7s arm64 arm64e arm64_32 i386 x86_64 x86_64h armv6m armv7k armv7m armv7em
Library search paths:
	/Users/manvirkaur/Desktop/CG2023Student/build/libraries/sdl2/CMakeFiles/CheckOBJC/CMakeFiles/CMakeScratch/TryCompile-HQAxr6/build/EagerLinkingTBDs
	/Users/manvirkaur/Desktop/CG2023Student/build/libraries/sdl2/CMakeFiles/CheckOBJC/CMakeFiles/CMakeScratch/TryCompile-HQAxr6/Debug
	/Applications/Xcode.app/Contents/Developer/Platforms/MacOSX.platform/Developer/SDKs/MacOSX13.1.sdk/usr/lib
Framework search paths:
	/Users/manvirkaur/Desktop/CG2023Student/build/libraries/sdl2/CMakeFiles/CheckOBJC/CMakeFiles/CMakeScratch/TryCompile-HQAxr6/build/EagerLinkingTBDs
	/Users/manvirkaur/Desktop/CG2023Student/build/libraries/sdl2/CMakeFiles/CheckOBJC/CMakeFiles/CMakeScratch/TryCompile-HQAxr6/Debug
	/Applications/Xcode.app/Contents/Developer/Platforms/MacOSX.platform/Developer/SDKs/MacOSX13.1.sdk/System/Library/Frameworks/

RegisterExecutionPolicyException /Users/manvirkaur/Desktop/CG2023Student/build/libraries/sdl2/CMakeFiles/CheckOBJC/CMakeFiles/CMakeScratch/TryCompile-HQAxr6/Debug/cmTC_64348 (in target 'cmTC_64348' from project 'CMAKE_TRY_COMPILE')
    cd /Users/manvirkaur/Desktop/CG2023Student/build/libraries/sdl2/CMakeFiles/CheckOBJC/CMakeFiles/CMakeScratch/TryCompile-HQAxr6
    builtin-RegisterExecutionPolicyException /Users/manvirkaur/Desktop/CG2023Student/build/libraries/sdl2/CMakeFiles/CheckOBJC/CMakeFiles/CMakeScratch/TryCompile-HQAxr6/Debug/cmTC_64348

** BUILD SUCCEEDED **




Parsed OBJC implicit include dir info from above output: rv=done
  found start of include info
  found start of implicit include info
    add: [/Applications/Xcode.app/Contents/Developer/Toolchains/XcodeDefault.xctoolchain/usr/lib/clang/14.0.0/include]
    add: [/Applications/Xcode.app/Contents/Developer/Platforms/MacOSX.platform/Developer/SDKs/MacOSX13.1.sdk/usr/include]
    add: [/Applications/Xcode.app/Contents/Developer/Toolchains/XcodeDefault.xctoolchain/usr/include]
  end of search list found
  collapse include dir [/Applications/Xcode.app/Contents/Developer/Toolchains/XcodeDefault.xctoolchain/usr/lib/clang/14.0.0/include] ==> [/Applications/Xcode.app/Contents/Developer/Toolchains/XcodeDefault.xctoolchain/usr/lib/clang/14.0.0/include]
  collapse include dir [/Applications/Xcode.app/Contents/Developer/Platforms/MacOSX.platform/Developer/SDKs/MacOSX13.1.sdk/usr/include] ==> [/Applications/Xcode.app/Contents/Developer/Platforms/MacOSX.platform/Developer/SDKs/MacOSX13.1.sdk/usr/include]
  collapse include dir [/Applications/Xcode.app/Contents/Developer/Toolchains/XcodeDefault.xctoolchain/usr/include] ==> [/Applications/Xcode.app/Contents/Developer/Toolchains/XcodeDefault.xctoolchain/usr/include]
  implicit include dirs: [/Applications/Xcode.app/Contents/Developer/Toolchains/XcodeDefault.xctoolchain/usr/lib/clang/14.0.0/include;/Applications/Xcode.app/Contents/Developer/Platforms/MacOSX.platform/Developer/SDKs/MacOSX13.1.sdk/usr/include;/Applications/Xcode.app/Contents/Developer/Toolchains/XcodeDefault.xctoolchain/usr/include]


Parsed OBJC implicit link information from above output:
  link line regex: [^( *|.*[/\])(ld|CMAKE_LINK_STARTFILE-NOTFOUND|([^/\]+-)?ld|collect2)[^/\]*( |$)]
  ignore line: [Change Dir: /Users/manvirkaur/Desktop/CG2023Student/build/libraries/sdl2/CMakeFiles/CheckOBJC/CMakeFiles/CMakeScratch/TryCompile-HQAxr6]
  ignore line: []
  ignore line: [Run Build Command(s):/usr/bin/xcodebuild -project CMAKE_TRY_COMPILE.xcodeproj build -target cmTC_64348 -parallelizeTargets -configuration Debug -hideShellScriptEnvironment && Command line invocation:]
  ignore line: [    /Applications/Xcode.app/Contents/Developer/usr/bin/xcodebuild -project CMAKE_TRY_COMPILE.xcodeproj build -target cmTC_64348 -parallelizeTargets -configuration Debug -hideShellScriptEnvironment]
  ignore line: []
  ignore line: [User defaults from command line:]
  ignore line: [    HideShellScriptEnvironment = YES]
  ignore line: [    IDEPackageSupportUseBuiltinSCM = YES]
  ignore line: []
  ignore line: [Computing target dependency graph and provisioning inputs]
  ignore line: []
  ignore line: [Create build description]
  ignore line: [Build description signature: e6406c59ea67e7d62b296883fb82ca4f]
  ignore line: [Build description path: /Users/manvirkaur/Desktop/CG2023Student/build/libraries/sdl2/CMakeFiles/CheckOBJC/CMakeFiles/CMakeScratch/TryCompile-HQAxr6/build/XCBuildData/e6406c59ea67e7d62b296883fb82ca4f-desc.xcbuild]
  ignore line: []
  ignore line: [note: Building targets in dependency order]
  ignore line: [CreateBuildDirectory /Users/manvirkaur/Desktop/CG2023Student/build/libraries/sdl2/CMakeFiles/CheckOBJC/CMakeFiles/CMakeScratch/TryCompile-HQAxr6/build]
  ignore line: [    cd /Users/manvirkaur/Desktop/CG2023Student/build/libraries/sdl2/CMakeFiles/CheckOBJC/CMakeFiles/CMakeScratch/TryCompile-HQAxr6/CMAKE_TRY_COMPILE.xcodeproj]
  ignore line: [    builtin-create-build-directory /Users/manvirkaur/Desktop/CG2023Student/build/libraries/sdl2/CMakeFiles/CheckOBJC/CMakeFiles/CMakeScratch/TryCompile-HQAxr6/build]
  ignore line: []
  ignore line: [CreateBuildDirectory /Users/manvirkaur/Desktop/CG2023Student/build/libraries/sdl2/CMakeFiles/CheckOBJC/CMakeFiles/CMakeScratch/TryCompile-HQAxr6/Debug]
  ignore line: [    cd /Users/manvirkaur/Desktop/CG2023Student/build/libraries/sdl2/CMakeFiles/CheckOBJC/CMakeFiles/CMakeScratch/TryCompile-HQAxr6/CMAKE_TRY_COMPILE.xcodeproj]
  ignore line: [    builtin-create-build-directory /Users/manvirkaur/Desktop/CG2023Student/build/libraries/sdl2/CMakeFiles/CheckOBJC/CMakeFiles/CMakeScratch/TryCompile-HQAxr6/Debug]
  ignore line: []
  ignore line: [CreateBuildDirectory /Users/manvirkaur/Desktop/CG2023Student/build/libraries/sdl2/CMakeFiles/CheckOBJC/CMakeFiles/CMakeScratch/TryCompile-HQAxr6/build/EagerLinkingTBDs]
  ignore line: [    cd /Users/manvirkaur/Desktop/CG2023Student/build/libraries/sdl2/CMakeFiles/CheckOBJC/CMakeFiles/CMakeScratch/TryCompile-HQAxr6/CMAKE_TRY_COMPILE.xcodeproj]
  ignore line: [    builtin-create-build-directory /Users/manvirkaur/Desktop/CG2023Student/build/libraries/sdl2/CMakeFiles/CheckOBJC/CMakeFiles/CMakeScratch/TryCompile-HQAxr6/build/EagerLinkingTBDs]
  ignore line: []
  ignore line: [WriteAuxiliaryFile /Users/manvirkaur/Desktop/CG2023Student/build/libraries/sdl2/CMakeFiles/CheckOBJC/CMakeFiles/CMakeScratch/TryCompile-HQAxr6/build/cmTC_64348.build/Debug/Objects-normal/x86_64/cmTC_64348.LinkFileList (in target 'cmTC_64348' from project 'CMAKE_TRY_COMPILE')]
  ignore line: [    cd /Users/manvirkaur/Desktop/CG2023Student/build/libraries/sdl2/CMakeFiles/CheckOBJC/CMakeFiles/CMakeScratch/TryCompile-HQAxr6]
  ignore line: [    write-file /Users/manvirkaur/Desktop/CG2023Student/build/libraries/sdl2/CMakeFiles/CheckOBJC/CMakeFiles/CMakeScratch/TryCompile-HQAxr6/build/cmTC_64348.build/Debug/Objects-normal/x86_64/cmTC_64348.LinkFileList]
  ignore line: []
  ignore line: [CompileC /Users/manvirkaur/Desktop/CG2023Student/build/libraries/sdl2/CMakeFiles/CheckOBJC/CMakeFiles/CMakeScratch/TryCompile-HQAxr6/build/cmTC_64348.build/Debug/Objects-normal/x86_64/CMakeOBJCCompilerABI.o /usr/local/Cellar/cmake/3.25.2/share/cmake/Modules/CMakeOBJCCompilerABI.m normal x86_64 objective-c com.apple.compilers.llvm.clang.1_0.compiler (in target 'cmTC_64348' from project 'CMAKE_TRY_COMPILE')]
  ignore line: [    cd /Users/manvirkaur/Desktop/CG2023Student/build/libraries/sdl2/CMakeFiles/CheckOBJC/CMakeFiles/CMakeScratch/TryCompile-HQAxr6]
  ignore line: [    /Applications/Xcode.app/Contents/Developer/Toolchains/XcodeDefault.xctoolchain/usr/bin/clang -x objective-c -target x86_64-apple-macos12.6 -fmessage-length\=0 -fdiagnostics-show-note-include-stack -fmacro-backtrace-limit\=0 -Wno-trigraphs -fpascal-strings -O0 -Wno-missing-field-initializers -Wno-missing-prototypes -Wno-return-type -Wno-implicit-atomic-properties -Wno-objc-interface-ivars -Wno-arc-repeated-use-of-weak -Wno-missing-braces -Wparentheses -Wswitch -Wno-unused-function -Wno-unused-label -Wno-unused-parameter -Wno-unused-variable -Wunused-value -Wno-empty-body -Wno-uninitialized -Wno-unknown-pragmas -Wno-shadow -Wno-four-char-constants -Wno-conversion -Wno-constant-conversion -Wno-int-conversion -Wno-bool-conversion -Wno-enum-conversion -Wno-float-conversion -Wno-non-literal-null-conversion -Wno-objc-literal-conversion -Wshorten-64-to-32 -Wpointer-sign -Wno-newline-eof -Wno-selector -Wno-strict-selector-match -Wno-undeclared-selector -Wno-deprecated-implementations -Wno-implicit-fallthrough -DCMAKE_INTDIR\=\"Debug\" -DOBJC_OLD_DISPATCH_PROTOTYPES\=1 -isysroot /Applications/Xcode.app/Contents/Developer/Platforms/MacOSX.platform/Developer/SDKs/MacOSX13.1.sdk -fasm-blocks -fstrict-aliasing -Wprotocol -Wdeprecated-declarations -g -Wno-sign-conversion -Wno-infinite-recursion -Wno-comma -Wno-block-capture-autoreleasing -Wno-strict-prototypes -Wno-semicolon-before-method-body -I/Users/manvirkaur/Desktop/CG2023Student/build/libraries/sdl2/CMakeFiles/CheckOBJC/CMakeFiles/CMakeScratch/TryCompile-HQAxr6/Debug/include -I/Users/manvirkaur/Desktop/CG2023Student/build/libraries/sdl2/CMakeFiles/CheckOBJC/CMakeFiles/CMakeScratch/TryCompile-HQAxr6/build/cmTC_64348.build/Debug/DerivedSources-normal/x86_64 -I/Users/manvirkaur/Desktop/CG2023Student/build/libraries/sdl2/CMakeFiles/CheckOBJC/CMakeFiles/CMakeScratch/TryCompile-HQAxr6/build/cmTC_64348.build/Debug/DerivedSources/x86_64 -I/Users/manvirkaur/Desktop/CG2023Student/build/libraries/sdl2/CMakeFiles/CheckOBJC/CMakeFiles/CMakeScratch/TryCompile-HQAxr6/build/cmTC_64348.build/Debug/DerivedSources -F/Users/manvirkaur/Desktop/CG2023Student/build/libraries/sdl2/CMakeFiles/CheckOBJC/CMakeFiles/CMakeScratch/TryCompile-HQAxr6/Debug -v -Wl -v -MMD -MT dependencies -MF /Users/manvirkaur/Desktop/CG2023Student/build/libraries/sdl2/CMakeFiles/CheckOBJC/CMakeFiles/CMakeScratch/TryCompile-HQAxr6/build/cmTC_64348.build/Debug/Objects-normal/x86_64/CMakeOBJCCompilerABI.d --serialize-diagnostics /Users/manvirkaur/Desktop/CG2023Student/build/libraries/sdl2/CMakeFiles/CheckOBJC/CMakeFiles/CMakeScratch/TryCompile-HQAxr6/build/cmTC_64348.build/Debug/Objects-normal/x86_64/CMakeOBJCCompilerABI.dia -c /usr/local/Cellar/cmake/3.25.2/share/cmake/Modules/CMakeOBJCCompilerABI.m -o /Users/manvirkaur/Desktop/CG2023Student/build/libraries/sdl2/CMakeFiles/CheckOBJC/CMakeFiles/CMakeScratch/TryCompile-HQAxr6/build/cmTC_64348.build/Debug/Objects-normal/x86_64/CMakeOBJCCompilerABI.o]
  ignore line: [Apple clang version 14.0.0 (clang-1400.0.29.202)]
  ignore line: [Target: x86_64-apple-macos12.6]
  ignore line: [Thread model: posix]
  ignore line: [InstalledDir: /Applications/Xcode.app/Contents/Developer/Toolchains/XcodeDefault.xctoolchain/usr/bin]
  ignore line: [clang: warning: -Wl -v: 'linker' input unused [-Wunused-command-line-argument]]
  ignore line: [ "/Applications/Xcode.app/Contents/Developer/Toolchains/XcodeDefault.xctoolchain/usr/bin/clang" -cc1 -triple x86_64-apple-macosx12.6.0 -Wundef-prefix=TARGET_OS_ -Wdeprecated-objc-isa-usage -Werror=deprecated-objc-isa-usage -Werror=implicit-function-declaration -emit-obj -mrelax-all --mrelax-relocations -disable-free -clear-ast-before-backend -disable-llvm-verifier -discard-value-names -main-file-name CMakeOBJCCompilerABI.m -mrelocation-model pic -pic-level 2 -mframe-pointer=all -fno-strict-return -fno-rounding-math -funwind-tables=2 -target-sdk-version=13.1 -fvisibility-inlines-hidden-static-local-var -target-cpu penryn -tune-cpu generic -debug-info-kind=standalone -dwarf-version=4 -debugger-tuning=lldb -target-linker-version 820.1 -v -resource-dir /Applications/Xcode.app/Contents/Developer/Toolchains/XcodeDefault.xctoolchain/usr/lib/clang/14.0.0 -dependency-file /Users/manvirkaur/Desktop/CG2023Student/build/libraries/sdl2/CMakeFiles/CheckOBJC/CMakeFiles/CMakeScratch/TryCompile-HQAxr6/build/cmTC_64348.build/Debug/Objects-normal/x86_64/CMakeOBJCCompilerABI.d -skip-unused-modulemap-deps -MT dependencies -isysroot /Applications/Xcode.app/Contents/Developer/Platforms/MacOSX.platform/Developer/SDKs/MacOSX13.1.sdk -D "CMAKE_INTDIR=\"Debug\"" -D OBJC_OLD_DISPATCH_PROTOTYPES=1 -I /Users/manvirkaur/Desktop/CG2023Student/build/libraries/sdl2/CMakeFiles/CheckOBJC/CMakeFiles/CMakeScratch/TryCompile-HQAxr6/Debug/include -I /Users/manvirkaur/Desktop/CG2023Student/build/libraries/sdl2/CMakeFiles/CheckOBJC/CMakeFiles/CMakeScratch/TryCompile-HQAxr6/build/cmTC_64348.build/Debug/DerivedSources-normal/x86_64 -I /Users/manvirkaur/Desktop/CG2023Student/build/libraries/sdl2/CMakeFiles/CheckOBJC/CMakeFiles/CMakeScratch/TryCompile-HQAxr6/build/cmTC_64348.build/Debug/DerivedSources/x86_64 -I /Users/manvirkaur/Desktop/CG2023Student/build/libraries/sdl2/CMakeFiles/CheckOBJC/CMakeFiles/CMakeScratch/TryCompile-HQAxr6/build/cmTC_64348.build/Debug/DerivedSources -F/Users/manvirkaur/Desktop/CG2023Student/build/libraries/sdl2/CMakeFiles/CheckOBJC/CMakeFiles/CMakeScratch/TryCompile-HQAxr6/Debug -internal-isystem /Applications/Xcode.app/Contents/Developer/Platforms/MacOSX.platform/Developer/SDKs/MacOSX13.1.sdk/usr/local/include -internal-isystem /Applications/Xcode.app/Contents/Developer/Toolchains/XcodeDefault.xctoolchain/usr/lib/clang/14.0.0/include -internal-externc-isystem /Applications/Xcode.app/Contents/Developer/Platforms/MacOSX.platform/Developer/SDKs/MacOSX13.1.sdk/usr/include -internal-externc-isystem /Applications/Xcode.app/Contents/Developer/Toolchains/XcodeDefault.xctoolchain/usr/include -O0 -Wno-trigraphs -Wno-missing-field-initializers -Wno-missing-prototypes -Wno-return-type -Wno-implicit-atomic-properties -Wno-objc-interface-ivars -Wno-arc-repeated-use-of-weak -Wno-missing-braces -Wparentheses -Wswitch -Wno-unused-function -Wno-unused-label -Wno-unused-parameter -Wno-unused-variable -Wunused-value -Wno-empty-body -Wno-uninitialized -Wno-unknown-pragmas -Wno-shadow -Wno-four-char-constants -Wno-conversion -Wno-constant-conversion -Wno-int-conversion -Wno-bool-conversion -Wno-enum-conversion -Wno-float-conversion -Wno-non-literal-null-conversion -Wno-objc-literal-conversion -Wshorten-64-to-32 -Wpointer-sign -Wno-newline-eof -Wno-selector -Wno-strict-selector-match -Wno-undeclared-selector -Wno-deprecated-implementations -Wno-implicit-fallthrough -Wprotocol -Wdeprecated-declarations -Wno-sign-conversion -Wno-infinite-recursion -Wno-comma -Wno-block-capture-autoreleasing -Wno-strict-prototypes -Wno-semicolon-before-method-body -Wno-reorder-init-list -Wno-implicit-int-float-conversion -Wno-c99-designator -Wno-final-dtor-non-final-class -Wno-extra-semi-stmt -Wno-misleading-indentation -Wno-quoted-include-in-framework-header -Wno-implicit-fallthrough -Wno-enum-enum-conversion -Wno-enum-float-conversion -Wno-elaborated-enum-base -Wno-reserved-identifier -Wno-gnu-folding-constant -Wno-cast-function-type -Wno-bitwise-instead-of-logical -fdebug-compilation-dir=/Users/manvirkaur/Desktop/CG2023Student/build/libraries/sdl2/CMakeFiles/CheckOBJC/CMakeFiles/CMakeScratch/TryCompile-HQAxr6 -ferror-limit 19 -fmacro-backtrace-limit 0 -stack-protector 1 -fstack-check -mdarwin-stkchk-strong-link -fblocks -fencode-extended-block-signature -fregister-global-dtors-with-atexit -fgnuc-version=4.2.1 -fobjc-runtime=macosx-12.6.0 -fobjc-exceptions -fexceptions -fpascal-strings -fmax-type-align=16 -fcommon -fdiagnostics-show-note-include-stack -fasm-blocks -serialize-diagnostic-file /Users/manvirkaur/Desktop/CG2023Student/build/libraries/sdl2/CMakeFiles/CheckOBJC/CMakeFiles/CMakeScratch/TryCompile-HQAxr6/build/cmTC_64348.build/Debug/Objects-normal/x86_64/CMakeOBJCCompilerABI.dia -clang-vendor-feature=+messageToSelfInClassMethodIdReturnType -clang-vendor-feature=+disableInferNewAvailabilityFromInit -clang-vendor-feature=+disableNonDependentMemberExprInCurrentInstantiation -fno-odr-hash-protocols -clang-vendor-feature=+enableAggressiveVLAFolding -clang-vendor-feature=+revert09abecef7bbf -clang-vendor-feature=+thisNoAlignAttr -clang-vendor-feature=+thisNoNullAttr -mllvm -disable-aligned-alloc-awareness=1 -D__GCC_HAVE_DWARF2_CFI_ASM=1 -o /Users/manvirkaur/Desktop/CG2023Student/build/libraries/sdl2/CMakeFiles/CheckOBJC/CMakeFiles/CMakeScratch/TryCompile-HQAxr6/build/cmTC_64348.build/Debug/Objects-normal/x86_64/CMakeOBJCCompilerABI.o -x objective-c /usr/local/Cellar/cmake/3.25.2/share/cmake/Modules/CMakeOBJCCompilerABI.m]
  ignore line: [clang -cc1 version 14.0.0 (clang-1400.0.29.202) default target x86_64-apple-darwin21.6.0]
  ignore line: [ignoring nonexistent directory "/Users/manvirkaur/Desktop/CG2023Student/build/libraries/sdl2/CMakeFiles/CheckOBJC/CMakeFiles/CMakeScratch/TryCompile-HQAxr6/Debug/include"]
  ignore line: [ignoring nonexistent directory "/Users/manvirkaur/Desktop/CG2023Student/build/libraries/sdl2/CMakeFiles/CheckOBJC/CMakeFiles/CMakeScratch/TryCompile-HQAxr6/build/cmTC_64348.build/Debug/DerivedSources-normal/x86_64"]
  ignore line: [ignoring nonexistent directory "/Users/manvirkaur/Desktop/CG2023Student/build/libraries/sdl2/CMakeFiles/CheckOBJC/CMakeFiles/CMakeScratch/TryCompile-HQAxr6/build/cmTC_64348.build/Debug/DerivedSources/x86_64"]
  ignore line: [ignoring nonexistent directory "/Users/manvirkaur/Desktop/CG2023Student/build/libraries/sdl2/CMakeFiles/CheckOBJC/CMakeFiles/CMakeScratch/TryCompile-HQAxr6/build/cmTC_64348.build/Debug/DerivedSources"]
  ignore line: [ignoring nonexistent directory "/Applications/Xcode.app/Contents/Developer/Platforms/MacOSX.platform/Developer/SDKs/MacOSX13.1.sdk/usr/local/include"]
  ignore line: [ignoring nonexistent directory "/Applications/Xcode.app/Contents/Developer/Platforms/MacOSX.platform/Developer/SDKs/MacOSX13.1.sdk/Library/Frameworks"]
  ignore line: [#include "..." search starts here:]
  ignore line: [#include <...> search starts here:]
  ignore line: [ /Users/manvirkaur/Desktop/CG2023Student/build/libraries/sdl2/CMakeFiles/CheckOBJC/CMakeFiles/CMakeScratch/TryCompile-HQAxr6/Debug (framework directory)]
  ignore line: [ /Applications/Xcode.app/Contents/Developer/Toolchains/XcodeDefault.xctoolchain/usr/lib/clang/14.0.0/include]
  ignore line: [ /Applications/Xcode.app/Contents/Developer/Platforms/MacOSX.platform/Developer/SDKs/MacOSX13.1.sdk/usr/include]
  ignore line: [ /Applications/Xcode.app/Contents/Developer/Toolchains/XcodeDefault.xctoolchain/usr/include]
  ignore line: [ /Applications/Xcode.app/Contents/Developer/Platforms/MacOSX.platform/Developer/SDKs/MacOSX13.1.sdk/System/Library/Frameworks (framework directory)]
  ignore line: [End of search list.]
  ignore line: []
  ignore line: [Ld /Users/manvirkaur/Desktop/CG2023Student/build/libraries/sdl2/CMakeFiles/CheckOBJC/CMakeFiles/CMakeScratch/TryCompile-HQAxr6/Debug/cmTC_64348 normal (in target 'cmTC_64348' from project 'CMAKE_TRY_COMPILE')]
  ignore line: [    cd /Users/manvirkaur/Desktop/CG2023Student/build/libraries/sdl2/CMakeFiles/CheckOBJC/CMakeFiles/CMakeScratch/TryCompile-HQAxr6]
  ignore line: [    /Applications/Xcode.app/Contents/Developer/Toolchains/XcodeDefault.xctoolchain/usr/bin/clang -target x86_64-apple-macos12.6 -isysroot /Applications/Xcode.app/Contents/Developer/Platforms/MacOSX.platform/Developer/SDKs/MacOSX13.1.sdk -L/Users/manvirkaur/Desktop/CG2023Student/build/libraries/sdl2/CMakeFiles/CheckOBJC/CMakeFiles/CMakeScratch/TryCompile-HQAxr6/build/EagerLinkingTBDs -L/Users/manvirkaur/Desktop/CG2023Student/build/libraries/sdl2/CMakeFiles/CheckOBJC/CMakeFiles/CMakeScratch/TryCompile-HQAxr6/Debug -F/Users/manvirkaur/Desktop/CG2023Student/build/libraries/sdl2/CMakeFiles/CheckOBJC/CMakeFiles/CMakeScratch/TryCompile-HQAxr6/build/EagerLinkingTBDs -F/Users/manvirkaur/Desktop/CG2023Student/build/libraries/sdl2/CMakeFiles/CheckOBJC/CMakeFiles/CMakeScratch/TryCompile-HQAxr6/Debug -filelist /Users/manvirkaur/Desktop/CG2023Student/build/libraries/sdl2/CMakeFiles/CheckOBJC/CMakeFiles/CMakeScratch/TryCompile-HQAxr6/build/cmTC_64348.build/Debug/Objects-normal/x86_64/cmTC_64348.LinkFileList -Xlinker -object_path_lto -Xlinker /Users/manvirkaur/Desktop/CG2023Student/build/libraries/sdl2/CMakeFiles/CheckOBJC/CMakeFiles/CMakeScratch/TryCompile-HQAxr6/build/cmTC_64348.build/Debug/Objects-normal/x86_64/cmTC_64348_lto.o -Xlinker -no_deduplicate -fobjc-link-runtime -v -Wl -v -Wl -search_paths_first -Wl -headerpad_max_install_names -Xlinker -dependency_info -Xlinker /Users/manvirkaur/Desktop/CG2023Student/build/libraries/sdl2/CMakeFiles/CheckOBJC/CMakeFiles/CMakeScratch/TryCompile-HQAxr6/build/cmTC_64348.build/Debug/Objects-normal/x86_64/cmTC_64348_dependency_info.dat -o /Users/manvirkaur/Desktop/CG2023Student/build/libraries/sdl2/CMakeFiles/CheckOBJC/CMakeFiles/CMakeScratch/TryCompile-HQAxr6/Debug/cmTC_64348]
  ignore line: [Apple clang version 14.0.0 (clang-1400.0.29.202)]
  ignore line: [Target: x86_64-apple-macos12.6]
  ignore line: [Thread model: posix]
  ignore line: [InstalledDir: /Applications/Xcode.app/Contents/Developer/Toolchains/XcodeDefault.xctoolchain/usr/bin]
  reduced line: [ "/Applications/Xcode.app/Contents/Developer/Toolchains/XcodeDefault.xctoolchain/usr/bin/ld" -demangle -lto_library /Applications/Xcode.app/Contents/Developer/Toolchains/XcodeDefault.xctoolchain/usr/lib/libLTO.dylib -dynamic -arch x86_64 -platform_version macos 12.6.0 13.1 -syslibroot /Applications/Xcode.app/Contents/Developer/Platforms/MacOSX.platform/Developer/SDKs/MacOSX13.1.sdk -o /Users/manvirkaur/Desktop/CG2023Student/build/libraries/sdl2/CMakeFiles/CheckOBJC/CMakeFiles/CMakeScratch/TryCompile-HQAxr6/Debug/cmTC_64348 -L/Users/manvirkaur/Desktop/CG2023Student/build/libraries/sdl2/CMakeFiles/CheckOBJC/CMakeFiles/CMakeScratch/TryCompile-HQAxr6/build/EagerLinkingTBDs -L/Users/manvirkaur/Desktop/CG2023Student/build/libraries/sdl2/CMakeFiles/CheckOBJC/CMakeFiles/CMakeScratch/TryCompile-HQAxr6/Debug -filelist /Users/manvirkaur/Desktop/CG2023Student/build/libraries/sdl2/CMakeFiles/CheckOBJC/CMakeFiles/CMakeScratch/TryCompile-HQAxr6/build/cmTC_64348.build/Debug/Objects-normal/x86_64/cmTC_64348.LinkFileList -object_path_lto /Users/manvirkaur/Desktop/CG2023Student/build/libraries/sdl2/CMakeFiles/CheckOBJC/CMakeFiles/CMakeScratch/TryCompile-HQAxr6/build/cmTC_64348.build/Debug/Objects-normal/x86_64/cmTC_64348_lto.o -no_deduplicate -v -search_paths_first -headerpad_max_install_names -dependency_info /Users/manvirkaur/Desktop/CG2023Student/build/libraries/sdl2/CMakeFiles/CheckOBJC/CMakeFiles/CMakeScratch/TryCompile-HQAxr6/build/cmTC_64348.build/Debug/Objects-normal/x86_64/cmTC_64348_dependency_info.dat -framework Foundation -lobjc -lSystem /Applications/Xcode.app/Contents/Developer/Toolchains/XcodeDefault.xctoolchain/usr/lib/clang/14.0.0/lib/darwin/libclang_rt.osx.a -F/Users/manvirkaur/Desktop/CG2023Student/build/libraries/sdl2/CMakeFiles/CheckOBJC/CMakeFiles/CMakeScratch/TryCompile-HQAxr6/build/EagerLinkingTBDs -F/Users/manvirkaur/Desktop/CG2023Student/build/libraries/sdl2/CMakeFiles/CheckOBJC/CMakeFiles/CMakeScratch/TryCompile-HQAxr6/Debug]
            to: [ "/Applications/Xcode.app/Contents/Developer/Toolchains/XcodeDefault.xctoolchain/usr/bin/ld" -demangle -lto_library /Applications/Xcode.app/Contents/Developer/Toolchains/XcodeDefault.xctoolchain/usr/lib/libLTO.dylib -dynamic -arch x86_64 -platform_version macos 12.6.0 13.1 -syslibroot /Applications/Xcode.app/Contents/Developer/Platforms/MacOSX.platform/Developer/SDKs/MacOSX13.1.sdk -o /Users/manvirkaur/Desktop/CG2023Student/build/libraries/sdl2/CMakeFiles/CheckOBJC/CMakeFiles/CMakeScratch/TryCompile-HQAxr6/Debug/cmTC_64348 -L/Users/manvirkaur/Desktop/CG2023Student/build/libraries/sdl2/CMakeFiles/CheckOBJC/CMakeFiles/CMakeScratch/TryCompile-HQAxr6/Debug -filelist /Users/manvirkaur/Desktop/CG2023Student/build/libraries/sdl2/CMakeFiles/CheckOBJC/CMakeFiles/CMakeScratch/TryCompile-HQAxr6/build/cmTC_64348.build/Debug/Objects-normal/x86_64/cmTC_64348.LinkFileList -object_path_lto /Users/manvirkaur/Desktop/CG2023Student/build/libraries/sdl2/CMakeFiles/CheckOBJC/CMakeFiles/CMakeScratch/TryCompile-HQAxr6/build/cmTC_64348.build/Debug/Objects-normal/x86_64/cmTC_64348_lto.o -no_deduplicate -v -search_paths_first -headerpad_max_install_names -dependency_info /Users/manvirkaur/Desktop/CG2023Student/build/libraries/sdl2/CMakeFiles/CheckOBJC/CMakeFiles/CMakeScratch/TryCompile-HQAxr6/build/cmTC_64348.build/Debug/Objects-normal/x86_64/cmTC_64348_dependency_info.dat -framework Foundation -lobjc -lSystem /Applications/Xcode.app/Contents/Developer/Toolchains/XcodeDefault.xctoolchain/usr/lib/clang/14.0.0/lib/darwin/libclang_rt.osx.a -F/Users/manvirkaur/Desktop/CG2023Student/build/libraries/sdl2/CMakeFiles/CheckOBJC/CMakeFiles/CMakeScratch/TryCompile-HQAxr6/Debug]
  link line: [ "/Applications/Xcode.app/Contents/Developer/Toolchains/XcodeDefault.xctoolchain/usr/bin/ld" -demangle -lto_library /Applications/Xcode.app/Contents/Developer/Toolchains/XcodeDefault.xctoolchain/usr/lib/libLTO.dylib -dynamic -arch x86_64 -platform_version macos 12.6.0 13.1 -syslibroot /Applications/Xcode.app/Contents/Developer/Platforms/MacOSX.platform/Developer/SDKs/MacOSX13.1.sdk -o /Users/manvirkaur/Desktop/CG2023Student/build/libraries/sdl2/CMakeFiles/CheckOBJC/CMakeFiles/CMakeScratch/TryCompile-HQAxr6/Debug/cmTC_64348 -L/Users/manvirkaur/Desktop/CG2023Student/build/libraries/sdl2/CMakeFiles/CheckOBJC/CMakeFiles/CMakeScratch/TryCompile-HQAxr6/Debug -filelist /Users/manvirkaur/Desktop/CG2023Student/build/libraries/sdl2/CMakeFiles/CheckOBJC/CMakeFiles/CMakeScratch/TryCompile-HQAxr6/build/cmTC_64348.build/Debug/Objects-normal/x86_64/cmTC_64348.LinkFileList -object_path_lto /Users/manvirkaur/Desktop/CG2023Student/build/libraries/sdl2/CMakeFiles/CheckOBJC/CMakeFiles/CMakeScratch/TryCompile-HQAxr6/build/cmTC_64348.build/Debug/Objects-normal/x86_64/cmTC_64348_lto.o -no_deduplicate -v -search_paths_first -headerpad_max_install_names -dependency_info /Users/manvirkaur/Desktop/CG2023Student/build/libraries/sdl2/CMakeFiles/CheckOBJC/CMakeFiles/CMakeScratch/TryCompile-HQAxr6/build/cmTC_64348.build/Debug/Objects-normal/x86_64/cmTC_64348_dependency_info.dat -framework Foundation -lobjc -lSystem /Applications/Xcode.app/Contents/Developer/Toolchains/XcodeDefault.xctoolchain/usr/lib/clang/14.0.0/lib/darwin/libclang_rt.osx.a -F/Users/manvirkaur/Desktop/CG2023Student/build/libraries/sdl2/CMakeFiles/CheckOBJC/CMakeFiles/CMakeScratch/TryCompile-HQAxr6/Debug]
    arg [/Applications/Xcode.app/Contents/Developer/Toolchains/XcodeDefault.xctoolchain/usr/bin/ld] ==> ignore
    arg [-demangle] ==> ignore
    arg [-lto_library] ==> ignore, skip following value
    arg [/Applications/Xcode.app/Contents/Developer/Toolchains/XcodeDefault.xctoolchain/usr/lib/libLTO.dylib] ==> skip value of -lto_library
    arg [-dynamic] ==> ignore
    arg [-arch] ==> ignore
    arg [x86_64] ==> ignore
    arg [-platform_version] ==> ignore
    arg [macos] ==> ignore
    arg [12.6.0] ==> ignore
    arg [13.1] ==> ignore
    arg [-syslibroot] ==> ignore
    arg [/Applications/Xcode.app/Contents/Developer/Platforms/MacOSX.platform/Developer/SDKs/MacOSX13.1.sdk] ==> ignore
    arg [-o] ==> ignore
    arg [/Users/manvirkaur/Desktop/CG2023Student/build/libraries/sdl2/CMakeFiles/CheckOBJC/CMakeFiles/CMakeScratch/TryCompile-HQAxr6/Debug/cmTC_64348] ==> ignore
    arg [-L/Users/manvirkaur/Desktop/CG2023Student/build/libraries/sdl2/CMakeFiles/CheckOBJC/CMakeFiles/CMakeScratch/TryCompile-HQAxr6/Debug] ==> dir [/Users/manvirkaur/Desktop/CG2023Student/build/libraries/sdl2/CMakeFiles/CheckOBJC/CMakeFiles/CMakeScratch/TryCompile-HQAxr6/Debug]
    arg [-filelist] ==> ignore
    arg [/Users/manvirkaur/Desktop/CG2023Student/build/libraries/sdl2/CMakeFiles/CheckOBJC/CMakeFiles/CMakeScratch/TryCompile-HQAxr6/build/cmTC_64348.build/Debug/Objects-normal/x86_64/cmTC_64348.LinkFileList] ==> ignore
    arg [-object_path_lto] ==> ignore
    arg [/Users/manvirkaur/Desktop/CG2023Student/build/libraries/sdl2/CMakeFiles/CheckOBJC/CMakeFiles/CMakeScratch/TryCompile-HQAxr6/build/cmTC_64348.build/Debug/Objects-normal/x86_64/cmTC_64348_lto.o] ==> obj [/Users/manvirkaur/Desktop/CG2023Student/build/libraries/sdl2/CMakeFiles/CheckOBJC/CMakeFiles/CMakeScratch/TryCompile-HQAxr6/build/cmTC_64348.build/Debug/Objects-normal/x86_64/cmTC_64348_lto.o]
    arg [-no_deduplicate] ==> ignore
    arg [-v] ==> ignore
    arg [-search_paths_first] ==> ignore
    arg [-headerpad_max_install_names] ==> ignore
    arg [-dependency_info] ==> ignore
    arg [/Users/manvirkaur/Desktop/CG2023Student/build/libraries/sdl2/CMakeFiles/CheckOBJC/CMakeFiles/CMakeScratch/TryCompile-HQAxr6/build/cmTC_64348.build/Debug/Objects-normal/x86_64/cmTC_64348_dependency_info.dat] ==> ignore
    arg [-framework] ==> ignore
    arg [Foundation] ==> ignore
    arg [-lobjc] ==> lib [objc]
    arg [-lSystem] ==> lib [System]
    arg [/Applications/Xcode.app/Contents/Developer/Toolchains/XcodeDefault.xctoolchain/usr/lib/clang/14.0.0/lib/darwin/libclang_rt.osx.a] ==> lib [/Applications/Xcode.app/Contents/Developer/Toolchains/XcodeDefault.xctoolchain/usr/lib/clang/14.0.0/lib/darwin/libclang_rt.osx.a]
    arg [-F/Users/manvirkaur/Desktop/CG2023Student/build/libraries/sdl2/CMakeFiles/CheckOBJC/CMakeFiles/CMakeScratch/TryCompile-HQAxr6/Debug] ==> ignore
  Library search paths: [;/Users/manvirkaur/Desktop/CG2023Student/build/libraries/sdl2/CMakeFiles/CheckOBJC/CMakeFiles/CMakeScratch/TryCompile-HQAxr6/build/EagerLinkingTBDs;/Users/manvirkaur/Desktop/CG2023Student/build/libraries/sdl2/CMakeFiles/CheckOBJC/CMakeFiles/CMakeScratch/TryCompile-HQAxr6/Debug;/Applications/Xcode.app/Contents/Developer/Platforms/MacOSX.platform/Developer/SDKs/MacOSX13.1.sdk/usr/lib]
  Framework search paths: [;/Users/manvirkaur/Desktop/CG2023Student/build/libraries/sdl2/CMakeFiles/CheckOBJC/CMakeFiles/CMakeScratch/TryCompile-HQAxr6/build/EagerLinkingTBDs;/Users/manvirkaur/Desktop/CG2023Student/build/libraries/sdl2/CMakeFiles/CheckOBJC/CMakeFiles/CMakeScratch/TryCompile-HQAxr6/Debug;/Applications/Xcode.app/Contents/Developer/Platforms/MacOSX.platform/Developer/SDKs/MacOSX13.1.sdk/System/Library/Frameworks/]
  remove lib [System]
  remove lib [/Applications/Xcode.app/Contents/Developer/Toolchains/XcodeDefault.xctoolchain/usr/lib/clang/14.0.0/lib/darwin/libclang_rt.osx.a]
  collapse library dir [/Users/manvirkaur/Desktop/CG2023Student/build/libraries/sdl2/CMakeFiles/CheckOBJC/CMakeFiles/CMakeScratch/TryCompile-HQAxr6/Debug] ==> [/Users/manvirkaur/Desktop/CG2023Student/build/libraries/sdl2/CMakeFiles/CheckOBJC/CMakeFiles/CMakeScratch/TryCompile-HQAxr6/Debug], skipping non-system directory
  collapse library dir [/Users/manvirkaur/Desktop/CG2023Student/build/libraries/sdl2/CMakeFiles/CheckOBJC/CMakeFiles/CMakeScratch/TryCompile-HQAxr6/build/EagerLinkingTBDs] ==> [/Users/manvirkaur/Desktop/CG2023Student/build/libraries/sdl2/CMakeFiles/CheckOBJC/CMakeFiles/CMakeScratch/TryCompile-HQAxr6/build/EagerLinkingTBDs], skipping non-system directory
  collapse library dir [/Users/manvirkaur/Desktop/CG2023Student/build/libraries/sdl2/CMakeFiles/CheckOBJC/CMakeFiles/CMakeScratch/TryCompile-HQAxr6/Debug] ==> [/Users/manvirkaur/Desktop/CG2023Student/build/libraries/sdl2/CMakeFiles/CheckOBJC/CMakeFiles/CMakeScratch/TryCompile-HQAxr6/Debug], skipping non-system directory
  collapse library dir [/Applications/Xcode.app/Contents/Developer/Platforms/MacOSX.platform/Developer/SDKs/MacOSX13.1.sdk/usr/lib] ==> [/Applications/Xcode.app/Contents/Developer/Platforms/MacOSX.platform/Developer/SDKs/MacOSX13.1.sdk/usr/lib]
  collapse framework dir [/Users/manvirkaur/Desktop/CG2023Student/build/libraries/sdl2/CMakeFiles/CheckOBJC/CMakeFiles/CMakeScratch/TryCompile-HQAxr6/build/EagerLinkingTBDs] ==> [/Users/manvirkaur/Desktop/CG2023Student/build/libraries/sdl2/CMakeFiles/CheckOBJC/CMakeFiles/CMakeScratch/TryCompile-HQAxr6/build/EagerLinkingTBDs], skipping non-system directory
  collapse framework dir [/Users/manvirkaur/Desktop/CG2023Student/build/libraries/sdl2/CMakeFiles/CheckOBJC/CMakeFiles/CMakeScratch/TryCompile-HQAxr6/Debug] ==> [/Users/manvirkaur/Desktop/CG2023Student/build/libraries/sdl2/CMakeFiles/CheckOBJC/CMakeFiles/CMakeScratch/TryCompile-HQAxr6/Debug], skipping non-system directory
  collapse framework dir [/Applications/Xcode.app/Contents/Developer/Platforms/MacOSX.platform/Developer/SDKs/MacOSX13.1.sdk/System/Library/Frameworks/] ==> [/Applications/Xcode.app/Contents/Developer/Platforms/MacOSX.platform/Developer/SDKs/MacOSX13.1.sdk/System/Library/Frameworks]
  implicit libs: [objc]
  implicit objs: [/Users/manvirkaur/Desktop/CG2023Student/build/libraries/sdl2/CMakeFiles/CheckOBJC/CMakeFiles/CMakeScratch/TryCompile-HQAxr6/build/cmTC_64348.build/Debug/Objects-normal/x86_64/cmTC_64348_lto.o]
  implicit dirs: [/Applications/Xcode.app/Contents/Developer/Platforms/MacOSX.platform/Developer/SDKs/MacOSX13.1.sdk/usr/lib]
  implicit fwks: [/Applications/Xcode.app/Contents/Developer/Platforms/MacOSX.platform/Developer/SDKs/MacOSX13.1.sdk/System/Library/Frameworks]


